The system is: Linux - 3.19.0-25-generic - x86_64
Compiling the C compiler identification source file "CMakeCCompilerId.c" succeeded.
Compiler: /usr/bin/cc 
Build flags: 
Id flags: 

The output was:
0


Compilation of the C compiler identification source "CMakeCCompilerId.c" produced "a.out"

The C compiler identification is GNU, found in "/home/himanshi/open-event-orga-server/openjpeg-2.0.1/CMakeFiles/2.8.12.2/CompilerIdC/a.out"

Determining if the C compiler works passed with the following output:
Change Dir: /home/himanshi/open-event-orga-server/openjpeg-2.0.1/CMakeFiles/CMakeTmp

Run Build Command:/usr/bin/make "cmTryCompileExec4164966541/fast"
/usr/bin/make -f CMakeFiles/cmTryCompileExec4164966541.dir/build.make CMakeFiles/cmTryCompileExec4164966541.dir/build
make[1]: Entering directory `/home/himanshi/open-event-orga-server/openjpeg-2.0.1/CMakeFiles/CMakeTmp'
/usr/bin/cmake -E cmake_progress_report /home/himanshi/open-event-orga-server/openjpeg-2.0.1/CMakeFiles/CMakeTmp/CMakeFiles 1
Building C object CMakeFiles/cmTryCompileExec4164966541.dir/testCCompiler.c.o
/usr/bin/cc    -o CMakeFiles/cmTryCompileExec4164966541.dir/testCCompiler.c.o   -c /home/himanshi/open-event-orga-server/openjpeg-2.0.1/CMakeFiles/CMakeTmp/testCCompiler.c
Linking C executable cmTryCompileExec4164966541
/usr/bin/cmake -E cmake_link_script CMakeFiles/cmTryCompileExec4164966541.dir/link.txt --verbose=1
/usr/bin/cc       CMakeFiles/cmTryCompileExec4164966541.dir/testCCompiler.c.o  -o cmTryCompileExec4164966541 -rdynamic 
make[1]: Leaving directory `/home/himanshi/open-event-orga-server/openjpeg-2.0.1/CMakeFiles/CMakeTmp'


Detecting C compiler ABI info compiled with the following output:
Change Dir: /home/himanshi/open-event-orga-server/openjpeg-2.0.1/CMakeFiles/CMakeTmp

Run Build Command:/usr/bin/make "cmTryCompileExec1735576868/fast"
/usr/bin/make -f CMakeFiles/cmTryCompileExec1735576868.dir/build.make CMakeFiles/cmTryCompileExec1735576868.dir/build
make[1]: Entering directory `/home/himanshi/open-event-orga-server/openjpeg-2.0.1/CMakeFiles/CMakeTmp'
/usr/bin/cmake -E cmake_progress_report /home/himanshi/open-event-orga-server/openjpeg-2.0.1/CMakeFiles/CMakeTmp/CMakeFiles 1
Building C object CMakeFiles/cmTryCompileExec1735576868.dir/CMakeCCompilerABI.c.o
/usr/bin/cc    -o CMakeFiles/cmTryCompileExec1735576868.dir/CMakeCCompilerABI.c.o   -c /usr/share/cmake-2.8/Modules/CMakeCCompilerABI.c
Linking C executable cmTryCompileExec1735576868
/usr/bin/cmake -E cmake_link_script CMakeFiles/cmTryCompileExec1735576868.dir/link.txt --verbose=1
/usr/bin/cc     -v CMakeFiles/cmTryCompileExec1735576868.dir/CMakeCCompilerABI.c.o  -o cmTryCompileExec1735576868 -rdynamic  
Using built-in specs.
COLLECT_GCC=/usr/bin/cc
COLLECT_LTO_WRAPPER=/usr/lib/gcc/x86_64-linux-gnu/4.8/lto-wrapper
Target: x86_64-linux-gnu
Configured with: ../src/configure -v --with-pkgversion='Ubuntu 4.8.4-2ubuntu1~14.04.3' --with-bugurl=file:///usr/share/doc/gcc-4.8/README.Bugs --enable-languages=c,c++,java,go,d,fortran,objc,obj-c++ --prefix=/usr --program-suffix=-4.8 --enable-shared --enable-linker-build-id --libexecdir=/usr/lib --without-included-gettext --enable-threads=posix --with-gxx-include-dir=/usr/include/c++/4.8 --libdir=/usr/lib --enable-nls --with-sysroot=/ --enable-clocale=gnu --enable-libstdcxx-debug --enable-libstdcxx-time=yes --enable-gnu-unique-object --disable-libmudflap --enable-plugin --with-system-zlib --disable-browser-plugin --enable-java-awt=gtk --enable-gtk-cairo --with-java-home=/usr/lib/jvm/java-1.5.0-gcj-4.8-amd64/jre --enable-java-home --with-jvm-root-dir=/usr/lib/jvm/java-1.5.0-gcj-4.8-amd64 --with-jvm-jar-dir=/usr/lib/jvm-exports/java-1.5.0-gcj-4.8-amd64 --with-arch-directory=amd64 --with-ecj-jar=/usr/share/java/eclipse-ecj.jar --enable-objc-gc --enable-multiarch --disable-werror --with-arch-32=i686 --with-abi=m64 --with-multilib-list=m32,m64,mx32 --with-tune=generic --enable-checking=release --build=x86_64-linux-gnu --host=x86_64-linux-gnu --target=x86_64-linux-gnu
Thread model: posix
gcc version 4.8.4 (Ubuntu 4.8.4-2ubuntu1~14.04.3) 
COMPILER_PATH=/usr/lib/gcc/x86_64-linux-gnu/4.8/:/usr/lib/gcc/x86_64-linux-gnu/4.8/:/usr/lib/gcc/x86_64-linux-gnu/:/usr/lib/gcc/x86_64-linux-gnu/4.8/:/usr/lib/gcc/x86_64-linux-gnu/
LIBRARY_PATH=/usr/lib/gcc/x86_64-linux-gnu/4.8/:/usr/lib/gcc/x86_64-linux-gnu/4.8/../../../x86_64-linux-gnu/:/usr/lib/gcc/x86_64-linux-gnu/4.8/../../../../lib/:/lib/x86_64-linux-gnu/:/lib/../lib/:/usr/lib/x86_64-linux-gnu/:/usr/lib/../lib/:/usr/lib/gcc/x86_64-linux-gnu/4.8/../../../:/lib/:/usr/lib/
COLLECT_GCC_OPTIONS='-v' '-o' 'cmTryCompileExec1735576868' '-rdynamic' '-mtune=generic' '-march=x86-64'
 /usr/lib/gcc/x86_64-linux-gnu/4.8/collect2 --sysroot=/ --build-id --eh-frame-hdr -m elf_x86_64 --hash-style=gnu --as-needed -export-dynamic -dynamic-linker /lib64/ld-linux-x86-64.so.2 -z relro -o cmTryCompileExec1735576868 /usr/lib/gcc/x86_64-linux-gnu/4.8/../../../x86_64-linux-gnu/crt1.o /usr/lib/gcc/x86_64-linux-gnu/4.8/../../../x86_64-linux-gnu/crti.o /usr/lib/gcc/x86_64-linux-gnu/4.8/crtbegin.o -L/usr/lib/gcc/x86_64-linux-gnu/4.8 -L/usr/lib/gcc/x86_64-linux-gnu/4.8/../../../x86_64-linux-gnu -L/usr/lib/gcc/x86_64-linux-gnu/4.8/../../../../lib -L/lib/x86_64-linux-gnu -L/lib/../lib -L/usr/lib/x86_64-linux-gnu -L/usr/lib/../lib -L/usr/lib/gcc/x86_64-linux-gnu/4.8/../../.. CMakeFiles/cmTryCompileExec1735576868.dir/CMakeCCompilerABI.c.o -lgcc --as-needed -lgcc_s --no-as-needed -lc -lgcc --as-needed -lgcc_s --no-as-needed /usr/lib/gcc/x86_64-linux-gnu/4.8/crtend.o /usr/lib/gcc/x86_64-linux-gnu/4.8/../../../x86_64-linux-gnu/crtn.o
make[1]: Leaving directory `/home/himanshi/open-event-orga-server/openjpeg-2.0.1/CMakeFiles/CMakeTmp'


Parsed C implicit link information from above output:
  link line regex: [^( *|.*[/\])(ld|([^/\]+-)?ld|collect2)[^/\]*( |$)]
  ignore line: [Change Dir: /home/himanshi/open-event-orga-server/openjpeg-2.0.1/CMakeFiles/CMakeTmp]
  ignore line: []
  ignore line: [Run Build Command:/usr/bin/make "cmTryCompileExec1735576868/fast"]
  ignore line: [/usr/bin/make -f CMakeFiles/cmTryCompileExec1735576868.dir/build.make CMakeFiles/cmTryCompileExec1735576868.dir/build]
  ignore line: [make[1]: Entering directory `/home/himanshi/open-event-orga-server/openjpeg-2.0.1/CMakeFiles/CMakeTmp']
  ignore line: [/usr/bin/cmake -E cmake_progress_report /home/himanshi/open-event-orga-server/openjpeg-2.0.1/CMakeFiles/CMakeTmp/CMakeFiles 1]
  ignore line: [Building C object CMakeFiles/cmTryCompileExec1735576868.dir/CMakeCCompilerABI.c.o]
  ignore line: [/usr/bin/cc    -o CMakeFiles/cmTryCompileExec1735576868.dir/CMakeCCompilerABI.c.o   -c /usr/share/cmake-2.8/Modules/CMakeCCompilerABI.c]
  ignore line: [Linking C executable cmTryCompileExec1735576868]
  ignore line: [/usr/bin/cmake -E cmake_link_script CMakeFiles/cmTryCompileExec1735576868.dir/link.txt --verbose=1]
  ignore line: [/usr/bin/cc     -v CMakeFiles/cmTryCompileExec1735576868.dir/CMakeCCompilerABI.c.o  -o cmTryCompileExec1735576868 -rdynamic  ]
  ignore line: [Using built-in specs.]
  ignore line: [COLLECT_GCC=/usr/bin/cc]
  ignore line: [COLLECT_LTO_WRAPPER=/usr/lib/gcc/x86_64-linux-gnu/4.8/lto-wrapper]
  ignore line: [Target: x86_64-linux-gnu]
  ignore line: [Configured with: ../src/configure -v --with-pkgversion='Ubuntu 4.8.4-2ubuntu1~14.04.3' --with-bugurl=file:///usr/share/doc/gcc-4.8/README.Bugs --enable-languages=c,c++,java,go,d,fortran,objc,obj-c++ --prefix=/usr --program-suffix=-4.8 --enable-shared --enable-linker-build-id --libexecdir=/usr/lib --without-included-gettext --enable-threads=posix --with-gxx-include-dir=/usr/include/c++/4.8 --libdir=/usr/lib --enable-nls --with-sysroot=/ --enable-clocale=gnu --enable-libstdcxx-debug --enable-libstdcxx-time=yes --enable-gnu-unique-object --disable-libmudflap --enable-plugin --with-system-zlib --disable-browser-plugin --enable-java-awt=gtk --enable-gtk-cairo --with-java-home=/usr/lib/jvm/java-1.5.0-gcj-4.8-amd64/jre --enable-java-home --with-jvm-root-dir=/usr/lib/jvm/java-1.5.0-gcj-4.8-amd64 --with-jvm-jar-dir=/usr/lib/jvm-exports/java-1.5.0-gcj-4.8-amd64 --with-arch-directory=amd64 --with-ecj-jar=/usr/share/java/eclipse-ecj.jar --enable-objc-gc --enable-multiarch --disable-werror --with-arch-32=i686 --with-abi=m64 --with-multilib-list=m32,m64,mx32 --with-tune=generic --enable-checking=release --build=x86_64-linux-gnu --host=x86_64-linux-gnu --target=x86_64-linux-gnu]
  ignore line: [Thread model: posix]
  ignore line: [gcc version 4.8.4 (Ubuntu 4.8.4-2ubuntu1~14.04.3) ]
  ignore line: [COMPILER_PATH=/usr/lib/gcc/x86_64-linux-gnu/4.8/:/usr/lib/gcc/x86_64-linux-gnu/4.8/:/usr/lib/gcc/x86_64-linux-gnu/:/usr/lib/gcc/x86_64-linux-gnu/4.8/:/usr/lib/gcc/x86_64-linux-gnu/]
  ignore line: [LIBRARY_PATH=/usr/lib/gcc/x86_64-linux-gnu/4.8/:/usr/lib/gcc/x86_64-linux-gnu/4.8/../../../x86_64-linux-gnu/:/usr/lib/gcc/x86_64-linux-gnu/4.8/../../../../lib/:/lib/x86_64-linux-gnu/:/lib/../lib/:/usr/lib/x86_64-linux-gnu/:/usr/lib/../lib/:/usr/lib/gcc/x86_64-linux-gnu/4.8/../../../:/lib/:/usr/lib/]
  ignore line: [COLLECT_GCC_OPTIONS='-v' '-o' 'cmTryCompileExec1735576868' '-rdynamic' '-mtune=generic' '-march=x86-64']
  link line: [ /usr/lib/gcc/x86_64-linux-gnu/4.8/collect2 --sysroot=/ --build-id --eh-frame-hdr -m elf_x86_64 --hash-style=gnu --as-needed -export-dynamic -dynamic-linker /lib64/ld-linux-x86-64.so.2 -z relro -o cmTryCompileExec1735576868 /usr/lib/gcc/x86_64-linux-gnu/4.8/../../../x86_64-linux-gnu/crt1.o /usr/lib/gcc/x86_64-linux-gnu/4.8/../../../x86_64-linux-gnu/crti.o /usr/lib/gcc/x86_64-linux-gnu/4.8/crtbegin.o -L/usr/lib/gcc/x86_64-linux-gnu/4.8 -L/usr/lib/gcc/x86_64-linux-gnu/4.8/../../../x86_64-linux-gnu -L/usr/lib/gcc/x86_64-linux-gnu/4.8/../../../../lib -L/lib/x86_64-linux-gnu -L/lib/../lib -L/usr/lib/x86_64-linux-gnu -L/usr/lib/../lib -L/usr/lib/gcc/x86_64-linux-gnu/4.8/../../.. CMakeFiles/cmTryCompileExec1735576868.dir/CMakeCCompilerABI.c.o -lgcc --as-needed -lgcc_s --no-as-needed -lc -lgcc --as-needed -lgcc_s --no-as-needed /usr/lib/gcc/x86_64-linux-gnu/4.8/crtend.o /usr/lib/gcc/x86_64-linux-gnu/4.8/../../../x86_64-linux-gnu/crtn.o]
    arg [/usr/lib/gcc/x86_64-linux-gnu/4.8/collect2] ==> ignore
    arg [--sysroot=/] ==> ignore
    arg [--build-id] ==> ignore
    arg [--eh-frame-hdr] ==> ignore
    arg [-m] ==> ignore
    arg [elf_x86_64] ==> ignore
    arg [--hash-style=gnu] ==> ignore
    arg [--as-needed] ==> ignore
    arg [-export-dynamic] ==> ignore
    arg [-dynamic-linker] ==> ignore
    arg [/lib64/ld-linux-x86-64.so.2] ==> ignore
    arg [-zrelro] ==> ignore
    arg [-o] ==> ignore
    arg [cmTryCompileExec1735576868] ==> ignore
    arg [/usr/lib/gcc/x86_64-linux-gnu/4.8/../../../x86_64-linux-gnu/crt1.o] ==> ignore
    arg [/usr/lib/gcc/x86_64-linux-gnu/4.8/../../../x86_64-linux-gnu/crti.o] ==> ignore
    arg [/usr/lib/gcc/x86_64-linux-gnu/4.8/crtbegin.o] ==> ignore
    arg [-L/usr/lib/gcc/x86_64-linux-gnu/4.8] ==> dir [/usr/lib/gcc/x86_64-linux-gnu/4.8]
    arg [-L/usr/lib/gcc/x86_64-linux-gnu/4.8/../../../x86_64-linux-gnu] ==> dir [/usr/lib/gcc/x86_64-linux-gnu/4.8/../../../x86_64-linux-gnu]
    arg [-L/usr/lib/gcc/x86_64-linux-gnu/4.8/../../../../lib] ==> dir [/usr/lib/gcc/x86_64-linux-gnu/4.8/../../../../lib]
    arg [-L/lib/x86_64-linux-gnu] ==> dir [/lib/x86_64-linux-gnu]
    arg [-L/lib/../lib] ==> dir [/lib/../lib]
    arg [-L/usr/lib/x86_64-linux-gnu] ==> dir [/usr/lib/x86_64-linux-gnu]
    arg [-L/usr/lib/../lib] ==> dir [/usr/lib/../lib]
    arg [-L/usr/lib/gcc/x86_64-linux-gnu/4.8/../../..] ==> dir [/usr/lib/gcc/x86_64-linux-gnu/4.8/../../..]
    arg [CMakeFiles/cmTryCompileExec1735576868.dir/CMakeCCompilerABI.c.o] ==> ignore
    arg [-lgcc] ==> lib [gcc]
    arg [--as-needed] ==> ignore
    arg [-lgcc_s] ==> lib [gcc_s]
    arg [--no-as-needed] ==> ignore
    arg [-lc] ==> lib [c]
    arg [-lgcc] ==> lib [gcc]
    arg [--as-needed] ==> ignore
    arg [-lgcc_s] ==> lib [gcc_s]
    arg [--no-as-needed] ==> ignore
    arg [/usr/lib/gcc/x86_64-linux-gnu/4.8/crtend.o] ==> ignore
    arg [/usr/lib/gcc/x86_64-linux-gnu/4.8/../../../x86_64-linux-gnu/crtn.o] ==> ignore
  remove lib [gcc]
  remove lib [gcc_s]
  remove lib [gcc]
  remove lib [gcc_s]
  collapse library dir [/usr/lib/gcc/x86_64-linux-gnu/4.8] ==> [/usr/lib/gcc/x86_64-linux-gnu/4.8]
  collapse library dir [/usr/lib/gcc/x86_64-linux-gnu/4.8/../../../x86_64-linux-gnu] ==> [/usr/lib/x86_64-linux-gnu]
  collapse library dir [/usr/lib/gcc/x86_64-linux-gnu/4.8/../../../../lib] ==> [/usr/lib]
  collapse library dir [/lib/x86_64-linux-gnu] ==> [/lib/x86_64-linux-gnu]
  collapse library dir [/lib/../lib] ==> [/lib]
  collapse library dir [/usr/lib/x86_64-linux-gnu] ==> [/usr/lib/x86_64-linux-gnu]
  collapse library dir [/usr/lib/../lib] ==> [/usr/lib]
  collapse library dir [/usr/lib/gcc/x86_64-linux-gnu/4.8/../../..] ==> [/usr/lib]
  implicit libs: [c]
  implicit dirs: [/usr/lib/gcc/x86_64-linux-gnu/4.8;/usr/lib/x86_64-linux-gnu;/usr/lib;/lib/x86_64-linux-gnu;/lib]
  implicit fwks: []


Determining if the include file sys/types.h exists passed with the following output:
Change Dir: /home/himanshi/open-event-orga-server/openjpeg-2.0.1/CMakeFiles/CMakeTmp

Run Build Command:/usr/bin/make "cmTryCompileExec2571546700/fast"
/usr/bin/make -f CMakeFiles/cmTryCompileExec2571546700.dir/build.make CMakeFiles/cmTryCompileExec2571546700.dir/build
make[1]: Entering directory `/home/himanshi/open-event-orga-server/openjpeg-2.0.1/CMakeFiles/CMakeTmp'
/usr/bin/cmake -E cmake_progress_report /home/himanshi/open-event-orga-server/openjpeg-2.0.1/CMakeFiles/CMakeTmp/CMakeFiles 1
Building C object CMakeFiles/cmTryCompileExec2571546700.dir/CheckIncludeFile.c.o
/usr/bin/cc    -o CMakeFiles/cmTryCompileExec2571546700.dir/CheckIncludeFile.c.o   -c /home/himanshi/open-event-orga-server/openjpeg-2.0.1/CMakeFiles/CMakeTmp/CheckIncludeFile.c
Linking C executable cmTryCompileExec2571546700
/usr/bin/cmake -E cmake_link_script CMakeFiles/cmTryCompileExec2571546700.dir/link.txt --verbose=1
/usr/bin/cc       CMakeFiles/cmTryCompileExec2571546700.dir/CheckIncludeFile.c.o  -o cmTryCompileExec2571546700 -rdynamic 
make[1]: Leaving directory `/home/himanshi/open-event-orga-server/openjpeg-2.0.1/CMakeFiles/CMakeTmp'


Determining if the include file stdint.h exists passed with the following output:
Change Dir: /home/himanshi/open-event-orga-server/openjpeg-2.0.1/CMakeFiles/CMakeTmp

Run Build Command:/usr/bin/make "cmTryCompileExec2009221368/fast"
/usr/bin/make -f CMakeFiles/cmTryCompileExec2009221368.dir/build.make CMakeFiles/cmTryCompileExec2009221368.dir/build
make[1]: Entering directory `/home/himanshi/open-event-orga-server/openjpeg-2.0.1/CMakeFiles/CMakeTmp'
/usr/bin/cmake -E cmake_progress_report /home/himanshi/open-event-orga-server/openjpeg-2.0.1/CMakeFiles/CMakeTmp/CMakeFiles 1
Building C object CMakeFiles/cmTryCompileExec2009221368.dir/CheckIncludeFile.c.o
/usr/bin/cc    -o CMakeFiles/cmTryCompileExec2009221368.dir/CheckIncludeFile.c.o   -c /home/himanshi/open-event-orga-server/openjpeg-2.0.1/CMakeFiles/CMakeTmp/CheckIncludeFile.c
Linking C executable cmTryCompileExec2009221368
/usr/bin/cmake -E cmake_link_script CMakeFiles/cmTryCompileExec2009221368.dir/link.txt --verbose=1
/usr/bin/cc       CMakeFiles/cmTryCompileExec2009221368.dir/CheckIncludeFile.c.o  -o cmTryCompileExec2009221368 -rdynamic 
make[1]: Leaving directory `/home/himanshi/open-event-orga-server/openjpeg-2.0.1/CMakeFiles/CMakeTmp'


Determining if the include file stddef.h exists passed with the following output:
Change Dir: /home/himanshi/open-event-orga-server/openjpeg-2.0.1/CMakeFiles/CMakeTmp

Run Build Command:/usr/bin/make "cmTryCompileExec951318780/fast"
/usr/bin/make -f CMakeFiles/cmTryCompileExec951318780.dir/build.make CMakeFiles/cmTryCompileExec951318780.dir/build
make[1]: Entering directory `/home/himanshi/open-event-orga-server/openjpeg-2.0.1/CMakeFiles/CMakeTmp'
/usr/bin/cmake -E cmake_progress_report /home/himanshi/open-event-orga-server/openjpeg-2.0.1/CMakeFiles/CMakeTmp/CMakeFiles 1
Building C object CMakeFiles/cmTryCompileExec951318780.dir/CheckIncludeFile.c.o
/usr/bin/cc    -o CMakeFiles/cmTryCompileExec951318780.dir/CheckIncludeFile.c.o   -c /home/himanshi/open-event-orga-server/openjpeg-2.0.1/CMakeFiles/CMakeTmp/CheckIncludeFile.c
Linking C executable cmTryCompileExec951318780
/usr/bin/cmake -E cmake_link_script CMakeFiles/cmTryCompileExec951318780.dir/link.txt --verbose=1
/usr/bin/cc       CMakeFiles/cmTryCompileExec951318780.dir/CheckIncludeFile.c.o  -o cmTryCompileExec951318780 -rdynamic 
make[1]: Leaving directory `/home/himanshi/open-event-orga-server/openjpeg-2.0.1/CMakeFiles/CMakeTmp'


Determining size of unsigned short passed with the following output:
Change Dir: /home/himanshi/open-event-orga-server/openjpeg-2.0.1/CMakeFiles/CMakeTmp

Run Build Command:/usr/bin/make "cmTryCompileExec1197593331/fast"
/usr/bin/make -f CMakeFiles/cmTryCompileExec1197593331.dir/build.make CMakeFiles/cmTryCompileExec1197593331.dir/build
make[1]: Entering directory `/home/himanshi/open-event-orga-server/openjpeg-2.0.1/CMakeFiles/CMakeTmp'
/usr/bin/cmake -E cmake_progress_report /home/himanshi/open-event-orga-server/openjpeg-2.0.1/CMakeFiles/CMakeTmp/CMakeFiles 1
Building C object CMakeFiles/cmTryCompileExec1197593331.dir/CMAKE_SIZEOF_UNSIGNED_SHORT.c.o
/usr/bin/cc    -o CMakeFiles/cmTryCompileExec1197593331.dir/CMAKE_SIZEOF_UNSIGNED_SHORT.c.o   -c /home/himanshi/open-event-orga-server/openjpeg-2.0.1/CMakeFiles/CheckTypeSize/CMAKE_SIZEOF_UNSIGNED_SHORT.c
Linking C executable cmTryCompileExec1197593331
/usr/bin/cmake -E cmake_link_script CMakeFiles/cmTryCompileExec1197593331.dir/link.txt --verbose=1
/usr/bin/cc       CMakeFiles/cmTryCompileExec1197593331.dir/CMAKE_SIZEOF_UNSIGNED_SHORT.c.o  -o cmTryCompileExec1197593331 -rdynamic 
make[1]: Leaving directory `/home/himanshi/open-event-orga-server/openjpeg-2.0.1/CMakeFiles/CMakeTmp'


Determining if the include file string.h exists passed with the following output:
Change Dir: /home/himanshi/open-event-orga-server/openjpeg-2.0.1/CMakeFiles/CMakeTmp

Run Build Command:/usr/bin/make "cmTryCompileExec3127615160/fast"
/usr/bin/make -f CMakeFiles/cmTryCompileExec3127615160.dir/build.make CMakeFiles/cmTryCompileExec3127615160.dir/build
make[1]: Entering directory `/home/himanshi/open-event-orga-server/openjpeg-2.0.1/CMakeFiles/CMakeTmp'
/usr/bin/cmake -E cmake_progress_report /home/himanshi/open-event-orga-server/openjpeg-2.0.1/CMakeFiles/CMakeTmp/CMakeFiles 1
Building C object CMakeFiles/cmTryCompileExec3127615160.dir/CheckIncludeFile.c.o
/usr/bin/cc    -o CMakeFiles/cmTryCompileExec3127615160.dir/CheckIncludeFile.c.o   -c /home/himanshi/open-event-orga-server/openjpeg-2.0.1/CMakeFiles/CMakeTmp/CheckIncludeFile.c
Linking C executable cmTryCompileExec3127615160
/usr/bin/cmake -E cmake_link_script CMakeFiles/cmTryCompileExec3127615160.dir/link.txt --verbose=1
/usr/bin/cc       CMakeFiles/cmTryCompileExec3127615160.dir/CheckIncludeFile.c.o  -o cmTryCompileExec3127615160 -rdynamic 
make[1]: Leaving directory `/home/himanshi/open-event-orga-server/openjpeg-2.0.1/CMakeFiles/CMakeTmp'


Determining if the include file memory.h exists passed with the following output:
Change Dir: /home/himanshi/open-event-orga-server/openjpeg-2.0.1/CMakeFiles/CMakeTmp

Run Build Command:/usr/bin/make "cmTryCompileExec929739563/fast"
/usr/bin/make -f CMakeFiles/cmTryCompileExec929739563.dir/build.make CMakeFiles/cmTryCompileExec929739563.dir/build
make[1]: Entering directory `/home/himanshi/open-event-orga-server/openjpeg-2.0.1/CMakeFiles/CMakeTmp'
/usr/bin/cmake -E cmake_progress_report /home/himanshi/open-event-orga-server/openjpeg-2.0.1/CMakeFiles/CMakeTmp/CMakeFiles 1
Building C object CMakeFiles/cmTryCompileExec929739563.dir/CheckIncludeFile.c.o
/usr/bin/cc    -o CMakeFiles/cmTryCompileExec929739563.dir/CheckIncludeFile.c.o   -c /home/himanshi/open-event-orga-server/openjpeg-2.0.1/CMakeFiles/CMakeTmp/CheckIncludeFile.c
Linking C executable cmTryCompileExec929739563
/usr/bin/cmake -E cmake_link_script CMakeFiles/cmTryCompileExec929739563.dir/link.txt --verbose=1
/usr/bin/cc       CMakeFiles/cmTryCompileExec929739563.dir/CheckIncludeFile.c.o  -o cmTryCompileExec929739563 -rdynamic 
make[1]: Leaving directory `/home/himanshi/open-event-orga-server/openjpeg-2.0.1/CMakeFiles/CMakeTmp'


Determining if the include file stdlib.h exists passed with the following output:
Change Dir: /home/himanshi/open-event-orga-server/openjpeg-2.0.1/CMakeFiles/CMakeTmp

Run Build Command:/usr/bin/make "cmTryCompileExec1211113774/fast"
/usr/bin/make -f CMakeFiles/cmTryCompileExec1211113774.dir/build.make CMakeFiles/cmTryCompileExec1211113774.dir/build
make[1]: Entering directory `/home/himanshi/open-event-orga-server/openjpeg-2.0.1/CMakeFiles/CMakeTmp'
/usr/bin/cmake -E cmake_progress_report /home/himanshi/open-event-orga-server/openjpeg-2.0.1/CMakeFiles/CMakeTmp/CMakeFiles 1
Building C object CMakeFiles/cmTryCompileExec1211113774.dir/CheckIncludeFile.c.o
/usr/bin/cc    -o CMakeFiles/cmTryCompileExec1211113774.dir/CheckIncludeFile.c.o   -c /home/himanshi/open-event-orga-server/openjpeg-2.0.1/CMakeFiles/CMakeTmp/CheckIncludeFile.c
Linking C executable cmTryCompileExec1211113774
/usr/bin/cmake -E cmake_link_script CMakeFiles/cmTryCompileExec1211113774.dir/link.txt --verbose=1
/usr/bin/cc       CMakeFiles/cmTryCompileExec1211113774.dir/CheckIncludeFile.c.o  -o cmTryCompileExec1211113774 -rdynamic 
make[1]: Leaving directory `/home/himanshi/open-event-orga-server/openjpeg-2.0.1/CMakeFiles/CMakeTmp'


Determining if the include file stdio.h exists passed with the following output:
Change Dir: /home/himanshi/open-event-orga-server/openjpeg-2.0.1/CMakeFiles/CMakeTmp

Run Build Command:/usr/bin/make "cmTryCompileExec3635987656/fast"
/usr/bin/make -f CMakeFiles/cmTryCompileExec3635987656.dir/build.make CMakeFiles/cmTryCompileExec3635987656.dir/build
make[1]: Entering directory `/home/himanshi/open-event-orga-server/openjpeg-2.0.1/CMakeFiles/CMakeTmp'
/usr/bin/cmake -E cmake_progress_report /home/himanshi/open-event-orga-server/openjpeg-2.0.1/CMakeFiles/CMakeTmp/CMakeFiles 1
Building C object CMakeFiles/cmTryCompileExec3635987656.dir/CheckIncludeFile.c.o
/usr/bin/cc    -o CMakeFiles/cmTryCompileExec3635987656.dir/CheckIncludeFile.c.o   -c /home/himanshi/open-event-orga-server/openjpeg-2.0.1/CMakeFiles/CMakeTmp/CheckIncludeFile.c
Linking C executable cmTryCompileExec3635987656
/usr/bin/cmake -E cmake_link_script CMakeFiles/cmTryCompileExec3635987656.dir/link.txt --verbose=1
/usr/bin/cc       CMakeFiles/cmTryCompileExec3635987656.dir/CheckIncludeFile.c.o  -o cmTryCompileExec3635987656 -rdynamic 
make[1]: Leaving directory `/home/himanshi/open-event-orga-server/openjpeg-2.0.1/CMakeFiles/CMakeTmp'


Determining if the include file math.h exists passed with the following output:
Change Dir: /home/himanshi/open-event-orga-server/openjpeg-2.0.1/CMakeFiles/CMakeTmp

Run Build Command:/usr/bin/make "cmTryCompileExec1633756776/fast"
/usr/bin/make -f CMakeFiles/cmTryCompileExec1633756776.dir/build.make CMakeFiles/cmTryCompileExec1633756776.dir/build
make[1]: Entering directory `/home/himanshi/open-event-orga-server/openjpeg-2.0.1/CMakeFiles/CMakeTmp'
/usr/bin/cmake -E cmake_progress_report /home/himanshi/open-event-orga-server/openjpeg-2.0.1/CMakeFiles/CMakeTmp/CMakeFiles 1
Building C object CMakeFiles/cmTryCompileExec1633756776.dir/CheckIncludeFile.c.o
/usr/bin/cc    -o CMakeFiles/cmTryCompileExec1633756776.dir/CheckIncludeFile.c.o   -c /home/himanshi/open-event-orga-server/openjpeg-2.0.1/CMakeFiles/CMakeTmp/CheckIncludeFile.c
Linking C executable cmTryCompileExec1633756776
/usr/bin/cmake -E cmake_link_script CMakeFiles/cmTryCompileExec1633756776.dir/link.txt --verbose=1
/usr/bin/cc       CMakeFiles/cmTryCompileExec1633756776.dir/CheckIncludeFile.c.o  -o cmTryCompileExec1633756776 -rdynamic 
make[1]: Leaving directory `/home/himanshi/open-event-orga-server/openjpeg-2.0.1/CMakeFiles/CMakeTmp'


Determining if the include file float.h exists passed with the following output:
Change Dir: /home/himanshi/open-event-orga-server/openjpeg-2.0.1/CMakeFiles/CMakeTmp

Run Build Command:/usr/bin/make "cmTryCompileExec2933604606/fast"
/usr/bin/make -f CMakeFiles/cmTryCompileExec2933604606.dir/build.make CMakeFiles/cmTryCompileExec2933604606.dir/build
make[1]: Entering directory `/home/himanshi/open-event-orga-server/openjpeg-2.0.1/CMakeFiles/CMakeTmp'
/usr/bin/cmake -E cmake_progress_report /home/himanshi/open-event-orga-server/openjpeg-2.0.1/CMakeFiles/CMakeTmp/CMakeFiles 1
Building C object CMakeFiles/cmTryCompileExec2933604606.dir/CheckIncludeFile.c.o
/usr/bin/cc    -o CMakeFiles/cmTryCompileExec2933604606.dir/CheckIncludeFile.c.o   -c /home/himanshi/open-event-orga-server/openjpeg-2.0.1/CMakeFiles/CMakeTmp/CheckIncludeFile.c
Linking C executable cmTryCompileExec2933604606
/usr/bin/cmake -E cmake_link_script CMakeFiles/cmTryCompileExec2933604606.dir/link.txt --verbose=1
/usr/bin/cc       CMakeFiles/cmTryCompileExec2933604606.dir/CheckIncludeFile.c.o  -o cmTryCompileExec2933604606 -rdynamic 
make[1]: Leaving directory `/home/himanshi/open-event-orga-server/openjpeg-2.0.1/CMakeFiles/CMakeTmp'


Determining if the include file time.h exists passed with the following output:
Change Dir: /home/himanshi/open-event-orga-server/openjpeg-2.0.1/CMakeFiles/CMakeTmp

Run Build Command:/usr/bin/make "cmTryCompileExec1314079485/fast"
/usr/bin/make -f CMakeFiles/cmTryCompileExec1314079485.dir/build.make CMakeFiles/cmTryCompileExec1314079485.dir/build
make[1]: Entering directory `/home/himanshi/open-event-orga-server/openjpeg-2.0.1/CMakeFiles/CMakeTmp'
/usr/bin/cmake -E cmake_progress_report /home/himanshi/open-event-orga-server/openjpeg-2.0.1/CMakeFiles/CMakeTmp/CMakeFiles 1
Building C object CMakeFiles/cmTryCompileExec1314079485.dir/CheckIncludeFile.c.o
/usr/bin/cc    -o CMakeFiles/cmTryCompileExec1314079485.dir/CheckIncludeFile.c.o   -c /home/himanshi/open-event-orga-server/openjpeg-2.0.1/CMakeFiles/CMakeTmp/CheckIncludeFile.c
Linking C executable cmTryCompileExec1314079485
/usr/bin/cmake -E cmake_link_script CMakeFiles/cmTryCompileExec1314079485.dir/link.txt --verbose=1
/usr/bin/cc       CMakeFiles/cmTryCompileExec1314079485.dir/CheckIncludeFile.c.o  -o cmTryCompileExec1314079485 -rdynamic 
make[1]: Leaving directory `/home/himanshi/open-event-orga-server/openjpeg-2.0.1/CMakeFiles/CMakeTmp'


Determining if the include file stdarg.h exists passed with the following output:
Change Dir: /home/himanshi/open-event-orga-server/openjpeg-2.0.1/CMakeFiles/CMakeTmp

Run Build Command:/usr/bin/make "cmTryCompileExec3827411781/fast"
/usr/bin/make -f CMakeFiles/cmTryCompileExec3827411781.dir/build.make CMakeFiles/cmTryCompileExec3827411781.dir/build
make[1]: Entering directory `/home/himanshi/open-event-orga-server/openjpeg-2.0.1/CMakeFiles/CMakeTmp'
/usr/bin/cmake -E cmake_progress_report /home/himanshi/open-event-orga-server/openjpeg-2.0.1/CMakeFiles/CMakeTmp/CMakeFiles 1
Building C object CMakeFiles/cmTryCompileExec3827411781.dir/CheckIncludeFile.c.o
/usr/bin/cc    -o CMakeFiles/cmTryCompileExec3827411781.dir/CheckIncludeFile.c.o   -c /home/himanshi/open-event-orga-server/openjpeg-2.0.1/CMakeFiles/CMakeTmp/CheckIncludeFile.c
Linking C executable cmTryCompileExec3827411781
/usr/bin/cmake -E cmake_link_script CMakeFiles/cmTryCompileExec3827411781.dir/link.txt --verbose=1
/usr/bin/cc       CMakeFiles/cmTryCompileExec3827411781.dir/CheckIncludeFile.c.o  -o cmTryCompileExec3827411781 -rdynamic 
make[1]: Leaving directory `/home/himanshi/open-event-orga-server/openjpeg-2.0.1/CMakeFiles/CMakeTmp'


Determining if the include file ctype.h exists passed with the following output:
Change Dir: /home/himanshi/open-event-orga-server/openjpeg-2.0.1/CMakeFiles/CMakeTmp

Run Build Command:/usr/bin/make "cmTryCompileExec1860962530/fast"
/usr/bin/make -f CMakeFiles/cmTryCompileExec1860962530.dir/build.make CMakeFiles/cmTryCompileExec1860962530.dir/build
make[1]: Entering directory `/home/himanshi/open-event-orga-server/openjpeg-2.0.1/CMakeFiles/CMakeTmp'
/usr/bin/cmake -E cmake_progress_report /home/himanshi/open-event-orga-server/openjpeg-2.0.1/CMakeFiles/CMakeTmp/CMakeFiles 1
Building C object CMakeFiles/cmTryCompileExec1860962530.dir/CheckIncludeFile.c.o
/usr/bin/cc    -o CMakeFiles/cmTryCompileExec1860962530.dir/CheckIncludeFile.c.o   -c /home/himanshi/open-event-orga-server/openjpeg-2.0.1/CMakeFiles/CMakeTmp/CheckIncludeFile.c
Linking C executable cmTryCompileExec1860962530
/usr/bin/cmake -E cmake_link_script CMakeFiles/cmTryCompileExec1860962530.dir/link.txt --verbose=1
/usr/bin/cc       CMakeFiles/cmTryCompileExec1860962530.dir/CheckIncludeFile.c.o  -o cmTryCompileExec1860962530 -rdynamic 
make[1]: Leaving directory `/home/himanshi/open-event-orga-server/openjpeg-2.0.1/CMakeFiles/CMakeTmp'


Determining if the include file assert.h exists passed with the following output:
Change Dir: /home/himanshi/open-event-orga-server/openjpeg-2.0.1/CMakeFiles/CMakeTmp

Run Build Command:/usr/bin/make "cmTryCompileExec391186458/fast"
/usr/bin/make -f CMakeFiles/cmTryCompileExec391186458.dir/build.make CMakeFiles/cmTryCompileExec391186458.dir/build
make[1]: Entering directory `/home/himanshi/open-event-orga-server/openjpeg-2.0.1/CMakeFiles/CMakeTmp'
/usr/bin/cmake -E cmake_progress_report /home/himanshi/open-event-orga-server/openjpeg-2.0.1/CMakeFiles/CMakeTmp/CMakeFiles 1
Building C object CMakeFiles/cmTryCompileExec391186458.dir/CheckIncludeFile.c.o
/usr/bin/cc    -o CMakeFiles/cmTryCompileExec391186458.dir/CheckIncludeFile.c.o   -c /home/himanshi/open-event-orga-server/openjpeg-2.0.1/CMakeFiles/CMakeTmp/CheckIncludeFile.c
Linking C executable cmTryCompileExec391186458
/usr/bin/cmake -E cmake_link_script CMakeFiles/cmTryCompileExec391186458.dir/link.txt --verbose=1
/usr/bin/cc       CMakeFiles/cmTryCompileExec391186458.dir/CheckIncludeFile.c.o  -o cmTryCompileExec391186458 -rdynamic 
make[1]: Leaving directory `/home/himanshi/open-event-orga-server/openjpeg-2.0.1/CMakeFiles/CMakeTmp'


Determining if the include file stdint.h exists passed with the following output:
Change Dir: /home/himanshi/open-event-orga-server/openjpeg-2.0.1/CMakeFiles/CMakeTmp

Run Build Command:/usr/bin/make "cmTryCompileExec1131807558/fast"
/usr/bin/make -f CMakeFiles/cmTryCompileExec1131807558.dir/build.make CMakeFiles/cmTryCompileExec1131807558.dir/build
make[1]: Entering directory `/home/himanshi/open-event-orga-server/openjpeg-2.0.1/CMakeFiles/CMakeTmp'
/usr/bin/cmake -E cmake_progress_report /home/himanshi/open-event-orga-server/openjpeg-2.0.1/CMakeFiles/CMakeTmp/CMakeFiles 1
Building C object CMakeFiles/cmTryCompileExec1131807558.dir/CheckIncludeFile.c.o
/usr/bin/cc    -o CMakeFiles/cmTryCompileExec1131807558.dir/CheckIncludeFile.c.o   -c /home/himanshi/open-event-orga-server/openjpeg-2.0.1/CMakeFiles/CMakeTmp/CheckIncludeFile.c
Linking C executable cmTryCompileExec1131807558
/usr/bin/cmake -E cmake_link_script CMakeFiles/cmTryCompileExec1131807558.dir/link.txt --verbose=1
/usr/bin/cc       CMakeFiles/cmTryCompileExec1131807558.dir/CheckIncludeFile.c.o  -o cmTryCompileExec1131807558 -rdynamic 
make[1]: Leaving directory `/home/himanshi/open-event-orga-server/openjpeg-2.0.1/CMakeFiles/CMakeTmp'


Determining if the include file inttypes.h exists passed with the following output:
Change Dir: /home/himanshi/open-event-orga-server/openjpeg-2.0.1/CMakeFiles/CMakeTmp

Run Build Command:/usr/bin/make "cmTryCompileExec2518736811/fast"
/usr/bin/make -f CMakeFiles/cmTryCompileExec2518736811.dir/build.make CMakeFiles/cmTryCompileExec2518736811.dir/build
make[1]: Entering directory `/home/himanshi/open-event-orga-server/openjpeg-2.0.1/CMakeFiles/CMakeTmp'
/usr/bin/cmake -E cmake_progress_report /home/himanshi/open-event-orga-server/openjpeg-2.0.1/CMakeFiles/CMakeTmp/CMakeFiles 1
Building C object CMakeFiles/cmTryCompileExec2518736811.dir/CheckIncludeFile.c.o
/usr/bin/cc    -o CMakeFiles/cmTryCompileExec2518736811.dir/CheckIncludeFile.c.o   -c /home/himanshi/open-event-orga-server/openjpeg-2.0.1/CMakeFiles/CMakeTmp/CheckIncludeFile.c
Linking C executable cmTryCompileExec2518736811
/usr/bin/cmake -E cmake_link_script CMakeFiles/cmTryCompileExec2518736811.dir/link.txt --verbose=1
/usr/bin/cc       CMakeFiles/cmTryCompileExec2518736811.dir/CheckIncludeFile.c.o  -o cmTryCompileExec2518736811 -rdynamic 
make[1]: Leaving directory `/home/himanshi/open-event-orga-server/openjpeg-2.0.1/CMakeFiles/CMakeTmp'


Determining if the include file strings.h exists passed with the following output:
Change Dir: /home/himanshi/open-event-orga-server/openjpeg-2.0.1/CMakeFiles/CMakeTmp

Run Build Command:/usr/bin/make "cmTryCompileExec215647474/fast"
/usr/bin/make -f CMakeFiles/cmTryCompileExec215647474.dir/build.make CMakeFiles/cmTryCompileExec215647474.dir/build
make[1]: Entering directory `/home/himanshi/open-event-orga-server/openjpeg-2.0.1/CMakeFiles/CMakeTmp'
/usr/bin/cmake -E cmake_progress_report /home/himanshi/open-event-orga-server/openjpeg-2.0.1/CMakeFiles/CMakeTmp/CMakeFiles 1
Building C object CMakeFiles/cmTryCompileExec215647474.dir/CheckIncludeFile.c.o
/usr/bin/cc    -o CMakeFiles/cmTryCompileExec215647474.dir/CheckIncludeFile.c.o   -c /home/himanshi/open-event-orga-server/openjpeg-2.0.1/CMakeFiles/CMakeTmp/CheckIncludeFile.c
Linking C executable cmTryCompileExec215647474
/usr/bin/cmake -E cmake_link_script CMakeFiles/cmTryCompileExec215647474.dir/link.txt --verbose=1
/usr/bin/cc       CMakeFiles/cmTryCompileExec215647474.dir/CheckIncludeFile.c.o  -o cmTryCompileExec215647474 -rdynamic 
make[1]: Leaving directory `/home/himanshi/open-event-orga-server/openjpeg-2.0.1/CMakeFiles/CMakeTmp'


Determining if the include file sys/stat.h exists passed with the following output:
Change Dir: /home/himanshi/open-event-orga-server/openjpeg-2.0.1/CMakeFiles/CMakeTmp

Run Build Command:/usr/bin/make "cmTryCompileExec3025142242/fast"
/usr/bin/make -f CMakeFiles/cmTryCompileExec3025142242.dir/build.make CMakeFiles/cmTryCompileExec3025142242.dir/build
make[1]: Entering directory `/home/himanshi/open-event-orga-server/openjpeg-2.0.1/CMakeFiles/CMakeTmp'
/usr/bin/cmake -E cmake_progress_report /home/himanshi/open-event-orga-server/openjpeg-2.0.1/CMakeFiles/CMakeTmp/CMakeFiles 1
Building C object CMakeFiles/cmTryCompileExec3025142242.dir/CheckIncludeFile.c.o
/usr/bin/cc    -o CMakeFiles/cmTryCompileExec3025142242.dir/CheckIncludeFile.c.o   -c /home/himanshi/open-event-orga-server/openjpeg-2.0.1/CMakeFiles/CMakeTmp/CheckIncludeFile.c
Linking C executable cmTryCompileExec3025142242
/usr/bin/cmake -E cmake_link_script CMakeFiles/cmTryCompileExec3025142242.dir/link.txt --verbose=1
/usr/bin/cc       CMakeFiles/cmTryCompileExec3025142242.dir/CheckIncludeFile.c.o  -o cmTryCompileExec3025142242 -rdynamic 
make[1]: Leaving directory `/home/himanshi/open-event-orga-server/openjpeg-2.0.1/CMakeFiles/CMakeTmp'


Determining if the include file unistd.h exists passed with the following output:
Change Dir: /home/himanshi/open-event-orga-server/openjpeg-2.0.1/CMakeFiles/CMakeTmp

Run Build Command:/usr/bin/make "cmTryCompileExec1450417014/fast"
/usr/bin/make -f CMakeFiles/cmTryCompileExec1450417014.dir/build.make CMakeFiles/cmTryCompileExec1450417014.dir/build
make[1]: Entering directory `/home/himanshi/open-event-orga-server/openjpeg-2.0.1/CMakeFiles/CMakeTmp'
/usr/bin/cmake -E cmake_progress_report /home/himanshi/open-event-orga-server/openjpeg-2.0.1/CMakeFiles/CMakeTmp/CMakeFiles 1
Building C object CMakeFiles/cmTryCompileExec1450417014.dir/CheckIncludeFile.c.o
/usr/bin/cc    -o CMakeFiles/cmTryCompileExec1450417014.dir/CheckIncludeFile.c.o   -c /home/himanshi/open-event-orga-server/openjpeg-2.0.1/CMakeFiles/CMakeTmp/CheckIncludeFile.c
Linking C executable cmTryCompileExec1450417014
/usr/bin/cmake -E cmake_link_script CMakeFiles/cmTryCompileExec1450417014.dir/link.txt --verbose=1
/usr/bin/cc       CMakeFiles/cmTryCompileExec1450417014.dir/CheckIncludeFile.c.o  -o cmTryCompileExec1450417014 -rdynamic 
make[1]: Leaving directory `/home/himanshi/open-event-orga-server/openjpeg-2.0.1/CMakeFiles/CMakeTmp'


